<?xml version="1.0" encoding="UTF-8"?>
<testng-results skipped="0" failed="0" ignored="0" total="1" passed="1">
  <reporter-output>
  </reporter-output>
  <suite name="Suite" duration-ms="23480" started-at="2020-08-13T16:18:54 IST" finished-at="2020-08-13T16:19:17 IST">
    <groups>
    </groups>
    <test name="Test" duration-ms="23480" started-at="2020-08-13T16:18:54 IST" finished-at="2020-08-13T16:19:17 IST">
      <class name="testCases.homePageTestCase">
        <test-method status="PASS" signature="beforeClass()[pri:0, instance:testCases.homePageTestCase@2833cc44]" name="beforeClass" is-config="true" duration-ms="4961" started-at="2020-08-13T16:18:54 IST" finished-at="2020-08-13T16:18:59 IST">
          <reporter-output>
          </reporter-output>
        </test-method> <!-- beforeClass -->
        <test-method status="PASS" signature="ClickHomePage()[pri:0, instance:testCases.homePageTestCase@2833cc44]" name="ClickHomePage" duration-ms="18244" started-at="2020-08-13T16:18:59 IST" finished-at="2020-08-13T16:19:17 IST">
          <reporter-output>
          </reporter-output>
        </test-method> <!-- ClickHomePage -->
        <test-method status="PASS" signature="afterClass()[pri:0, instance:testCases.homePageTestCase@2833cc44]" name="afterClass" is-config="true" duration-ms="214" started-at="2020-08-13T16:19:17 IST" finished-at="2020-08-13T16:19:17 IST">
          <reporter-output>
          </reporter-output>
        </test-method> <!-- afterClass -->
      </class> <!-- testCases.homePageTestCase -->
    </test> <!-- Test -->
  </suite> <!-- Suite -->
</testng-results>
